Analysis & Synthesis report for lcd_ctrl
Sun Mar 21 13:24:41 2010
Version 5.1 Build 216 03/06/2006 Service Pack 2 SJ Full Version


---------------------
; Table of Contents ;
---------------------
  1. Legal Notice
  2. Analysis & Synthesis Summary
  3. Analysis & Synthesis Settings
  4. Analysis & Synthesis Source Files Read
  5. Analysis & Synthesis Messages



----------------
; Legal Notice ;
----------------
Copyright (C) 1991-2006 Altera Corporation
Your use of Altera Corporation's design tools, logic functions 
and other software and tools, and its AMPP partner logic 
functions, and any output files any of the foregoing 
(including device programming or simulation files), and any 
associated documentation or information are expressly subject 
to the terms and conditions of the Altera Program License 
Subscription Agreement, Altera MegaCore Function License 
Agreement, or other applicable license agreement, including, 
without limitation, that your use is for the sole purpose of 
programming logic devices manufactured by Altera and sold by 
Altera or its authorized distributors.  Please refer to the 
applicable agreement for further details.



+-----------------------------------------------------------------------------+
; Analysis & Synthesis Summary                                                ;
+-----------------------------+-----------------------------------------------+
; Analysis & Synthesis Status ; Failed - Sun Mar 21 13:24:41 2010             ;
; Quartus II Version          ; 5.1 Build 216 03/06/2006 SP 2 SJ Full Version ;
; Revision Name               ; lcd_ctrl                                      ;
; Top-level Entity Name       ; lcd_ctrl                                      ;
; Family                      ; ACEX1K                                        ;
+-----------------------------+-----------------------------------------------+


+---------------------------------------------------------------------------------------------+
; Analysis & Synthesis Settings                                                               ;
+------------------------------------------------------------+----------------+---------------+
; Option                                                     ; Setting        ; Default Value ;
+------------------------------------------------------------+----------------+---------------+
; Device                                                     ; EP1K100QC208-1 ;               ;
; Top-level entity name                                      ; lcd_ctrl       ; lcd_ctrl      ;
; Family name                                                ; ACEX1K         ; Stratix       ;
; Use smart compilation                                      ; Off            ; Off           ;
; Create Debugging Nodes for IP Cores                        ; Off            ; Off           ;
; Preserve fewer node names                                  ; On             ; On            ;
; Disable OpenCore Plus hardware evaluation                  ; Off            ; Off           ;
; Verilog Version                                            ; Verilog_2001   ; Verilog_2001  ;
; VHDL Version                                               ; VHDL93         ; VHDL93        ;
; State Machine Processing                                   ; Auto           ; Auto          ;
; Extract Verilog State Machines                             ; On             ; On            ;
; Extract VHDL State Machines                                ; On             ; On            ;
; Add Pass-Through Logic to Inferred RAMs                    ; On             ; On            ;
; NOT Gate Push-Back                                         ; On             ; On            ;
; Power-Up Don't Care                                        ; On             ; On            ;
; Remove Redundant Logic Cells                               ; Off            ; Off           ;
; Remove Duplicate Registers                                 ; On             ; On            ;
; Ignore CARRY Buffers                                       ; Off            ; Off           ;
; Ignore CASCADE Buffers                                     ; Off            ; Off           ;
; Ignore GLOBAL Buffers                                      ; Off            ; Off           ;
; Ignore ROW GLOBAL Buffers                                  ; Off            ; Off           ;
; Ignore LCELL Buffers                                       ; Off            ; Off           ;
; Ignore SOFT Buffers                                        ; On             ; On            ;
; Limit AHDL Integers to 32 Bits                             ; Off            ; Off           ;
; Auto Implement in ROM                                      ; Off            ; Off           ;
; Optimization Technique -- FLEX 10K/10KE/10KA/ACEX 1K       ; Area           ; Area          ;
; Carry Chain Length -- FLEX 10K                             ; 32             ; 32            ;
; Cascade Chain Length                                       ; 2              ; 2             ;
; Auto Carry Chains                                          ; On             ; On            ;
; Auto Open-Drain Pins                                       ; On             ; On            ;
; Remove Duplicate Logic                                     ; On             ; On            ;
; Auto ROM Replacement                                       ; On             ; On            ;
; Auto RAM Replacement                                       ; On             ; On            ;
; Auto Clock Enable Replacement                              ; On             ; On            ;
; Auto Resource Sharing                                      ; Off            ; Off           ;
; Allow Any RAM Size For Recognition                         ; Off            ; Off           ;
; Allow Any ROM Size For Recognition                         ; Off            ; Off           ;
; Ignore translate_off and translate_on Synthesis Directives ; Off            ; Off           ;
; Show Parameter Settings Tables in Synthesis Report         ; On             ; On            ;
; HDL message level                                          ; Level2         ; Level2        ;
+------------------------------------------------------------+----------------+---------------+


+-------------------------------------------------------------------------------------------------------------------+
; Analysis & Synthesis Source Files Read                                                                            ;
+----------------------------------+-----------------+------------------------+-------------------------------------+
; File Name with User-Entered Path ; Used in Netlist ; File Type              ; File Name with Absolute Path        ;
+----------------------------------+-----------------+------------------------+-------------------------------------+
; lcd_ctrl.v                       ; yes             ; User Verilog HDL File  ; E:/FPGA/Quartus/lcd_ctrl/lcd_ctrl.v ;
+----------------------------------+-----------------+------------------------+-------------------------------------+


+-------------------------------+
; Analysis & Synthesis Messages ;
+-------------------------------+
Info: *******************************************************************
Info: Running Quartus II Analysis & Synthesis
    Info: Version 5.1 Build 216 03/06/2006 Service Pack 2 SJ Full Version
    Info: Processing started: Sun Mar 21 13:24:40 2010
Info: Command: quartus_map --read_settings_files=on --write_settings_files=off lcd_ctrl -c lcd_ctrl
Info: Found 1 design units, including 1 entities, in source file lcd_ctrl.v
    Info: Found entity 1: lcd_ctrl
Info: Elaborating entity "lcd_ctrl" for the top level hierarchy
Error (10122): Verilog HDL Event Control error at lcd_ctrl.v(22): mixed single- and double-edge expressions are not supported File: E:/FPGA/Quartus/lcd_ctrl/lcd_ctrl.v Line: 22
Warning (10235): Verilog HDL Always Construct warning at lcd_ctrl.v(34): variable "cmd_valid" is read inside the Always Construct but isn't in the Always Construct's Event Control
Warning (10235): Verilog HDL Always Construct warning at lcd_ctrl.v(34): variable "busy" is read inside the Always Construct but isn't in the Always Construct's Event Control
Warning (10235): Verilog HDL Always Construct warning at lcd_ctrl.v(36): variable "cmd" is read inside the Always Construct but isn't in the Always Construct's Event Control
Warning (10235): Verilog HDL Always Construct warning at lcd_ctrl.v(38): variable "cmd" is read inside the Always Construct but isn't in the Always Construct's Event Control
Warning (10235): Verilog HDL Always Construct warning at lcd_ctrl.v(46): variable "cmd" is read inside the Always Construct but isn't in the Always Construct's Event Control
Warning (10235): Verilog HDL Always Construct warning at lcd_ctrl.v(54): variable "cmd" is read inside the Always Construct but isn't in the Always Construct's Event Control
Warning (10235): Verilog HDL Always Construct warning at lcd_ctrl.v(62): variable "cmd" is read inside the Always Construct but isn't in the Always Construct's Event Control
Warning (10235): Verilog HDL Always Construct warning at lcd_ctrl.v(69): variable "cmd" is read inside the Always Construct but isn't in the Always Construct's Event Control
Warning (10235): Verilog HDL Always Construct warning at lcd_ctrl.v(76): variable "cmd" is read inside the Always Construct but isn't in the Always Construct's Event Control
Warning (10270): Verilog HDL statement warning at lcd_ctrl.v(36): incomplete Case Statement has no default case item
Warning (10235): Verilog HDL Always Construct warning at lcd_ctrl.v(85): variable "cmd_valid" is read inside the Always Construct but isn't in the Always Construct's Event Control
Warning (10235): Verilog HDL Always Construct warning at lcd_ctrl.v(85): variable "busy" is read inside the Always Construct but isn't in the Always Construct's Event Control
Warning (10235): Verilog HDL Always Construct warning at lcd_ctrl.v(87): variable "cmd_data" is read inside the Always Construct but isn't in the Always Construct's Event Control
Warning (10235): Verilog HDL Always Construct warning at lcd_ctrl.v(89): variable "status" is read inside the Always Construct but isn't in the Always Construct's Event Control
Warning (10235): Verilog HDL Always Construct warning at lcd_ctrl.v(92): variable "i" is read inside the Always Construct but isn't in the Always Construct's Event Control
Warning (10235): Verilog HDL Always Construct warning at lcd_ctrl.v(94): variable "i" is read inside the Always Construct but isn't in the Always Construct's Event Control
Warning (10235): Verilog HDL Always Construct warning at lcd_ctrl.v(101): variable "i" is read inside the Always Construct but isn't in the Always Construct's Event Control
Warning (10270): Verilog HDL statement warning at lcd_ctrl.v(89): incomplete Case Statement has no default case item
Warning (10235): Verilog HDL Always Construct warning at lcd_ctrl.v(111): variable "status" is read inside the Always Construct but isn't in the Always Construct's Event Control
Warning (10235): Verilog HDL Always Construct warning at lcd_ctrl.v(113): variable "datain" is read inside the Always Construct but isn't in the Always Construct's Event Control
Warning (10235): Verilog HDL Always Construct warning at lcd_ctrl.v(113): variable "da_cout" is read inside the Always Construct but isn't in the Always Construct's Event Control
Warning (10235): Verilog HDL Always Construct warning at lcd_ctrl.v(115): variable "da_cout" is read inside the Always Construct but isn't in the Always Construct's Event Control
Warning (10235): Verilog HDL Always Construct warning at lcd_ctrl.v(128): variable "da_local_cmd" is read inside the Always Construct but isn't in the Always Construct's Event Control
Warning (10235): Verilog HDL Always Construct warning at lcd_ctrl.v(128): variable "i" is read inside the Always Construct but isn't in the Always Construct's Event Control
Warning (10235): Verilog HDL Always Construct warning at lcd_ctrl.v(130): variable "i" is read inside the Always Construct but isn't in the Always Construct's Event Control
Warning (10235): Verilog HDL Always Construct warning at lcd_ctrl.v(133): variable "da_local_cmd" is read inside the Always Construct but isn't in the Always Construct's Event Control
Warning (10235): Verilog HDL Always Construct warning at lcd_ctrl.v(138): variable "da_local_cmd" is read inside the Always Construct but isn't in the Always Construct's Event Control
Warning (10235): Verilog HDL Always Construct warning at lcd_ctrl.v(149): variable "da_local_cmd" is read inside the Always Construct but isn't in the Always Construct's Event Control
Warning (10235): Verilog HDL Always Construct warning at lcd_ctrl.v(155): variable "i" is read inside the Always Construct but isn't in the Always Construct's Event Control
Warning (10235): Verilog HDL Always Construct warning at lcd_ctrl.v(157): variable "i" is read inside the Always Construct but isn't in the Always Construct's Event Control
Warning (10235): Verilog HDL Always Construct warning at lcd_ctrl.v(164): variable "i" is read inside the Always Construct but isn't in the Always Construct's Event Control
Warning (10270): Verilog HDL statement warning at lcd_ctrl.v(111): incomplete Case Statement has no default case item
Warning (10235): Verilog HDL Always Construct warning at lcd_ctrl.v(175): variable "status" is read inside the Always Construct but isn't in the Always Construct's Event Control
Warning (10235): Verilog HDL Always Construct warning at lcd_ctrl.v(177): variable "x_local" is read inside the Always Construct but isn't in the Always Construct's Event Control
Warning (10235): Verilog HDL Always Construct warning at lcd_ctrl.v(181): variable "da_local" is read inside the Always Construct but isn't in the Always Construct's Event Control
Warning (10235): Verilog HDL Always Construct warning at lcd_ctrl.v(186): variable "x_local" is read inside the Always Construct but isn't in the Always Construct's Event Control
Warning (10235): Verilog HDL Always Construct warning at lcd_ctrl.v(187): variable "da_local" is read inside the Always Construct but isn't in the Always Construct's Event Control
Warning (10235): Verilog HDL Always Construct warning at lcd_ctrl.v(195): variable "da_local_cmd" is read inside the Always Construct but isn't in the Always Construct's Event Control
Warning (10235): Verilog HDL Always Construct warning at lcd_ctrl.v(195): variable "i" is read inside the Always Construct but isn't in the Always Construct's Event Control
Warning (10235): Verilog HDL Always Construct warning at lcd_ctrl.v(197): variable "i" is read inside the Always Construct but isn't in the Always Construct's Event Control
Warning (10235): Verilog HDL Always Construct warning at lcd_ctrl.v(200): variable "da_local_cmd" is read inside the Always Construct but isn't in the Always Construct's Event Control
Warning (10235): Verilog HDL Always Construct warning at lcd_ctrl.v(205): variable "da_local_cmd" is read inside the Always Construct but isn't in the Always Construct's Event Control
Warning (10235): Verilog HDL Always Construct warning at lcd_ctrl.v(216): variable "da_local_cmd" is read inside the Always Construct but isn't in the Always Construct's Event Control
Warning (10235): Verilog HDL Always Construct warning at lcd_ctrl.v(222): variable "i" is read inside the Always Construct but isn't in the Always Construct's Event Control
Warning (10235): Verilog HDL Always Construct warning at lcd_ctrl.v(224): variable "i" is read inside the Always Construct but isn't in the Always Construct's Event Control
Warning (10235): Verilog HDL Always Construct warning at lcd_ctrl.v(232): variable "i" is read inside the Always Construct but isn't in the Always Construct's Event Control
Warning (10270): Verilog HDL statement warning at lcd_ctrl.v(175): incomplete Case Statement has no default case item
Warning (10235): Verilog HDL Always Construct warning at lcd_ctrl.v(243): variable "status" is read inside the Always Construct but isn't in the Always Construct's Event Control
Warning (10235): Verilog HDL Always Construct warning at lcd_ctrl.v(245): variable "x_local" is read inside the Always Construct but isn't in the Always Construct's Event Control
Warning (10235): Verilog HDL Always Construct warning at lcd_ctrl.v(249): variable "da_local" is read inside the Always Construct but isn't in the Always Construct's Event Control
Warning (10235): Verilog HDL Always Construct warning at lcd_ctrl.v(254): variable "x_local" is read inside the Always Construct but isn't in the Always Construct's Event Control
Warning (10235): Verilog HDL Always Construct warning at lcd_ctrl.v(255): variable "da_local" is read inside the Always Construct but isn't in the Always Construct's Event Control
Warning (10235): Verilog HDL Always Construct warning at lcd_ctrl.v(263): variable "da_local_cmd" is read inside the Always Construct but isn't in the Always Construct's Event Control
Warning (10235): Verilog HDL Always Construct warning at lcd_ctrl.v(263): variable "i" is read inside the Always Construct but isn't in the Always Construct's Event Control
Warning (10235): Verilog HDL Always Construct warning at lcd_ctrl.v(265): variable "i" is read inside the Always Construct but isn't in the Always Construct's Event Control
Warning (10235): Verilog HDL Always Construct warning at lcd_ctrl.v(268): variable "da_local_cmd" is read inside the Always Construct but isn't in the Always Construct's Event Control
Warning (10235): Verilog HDL Always Construct warning at lcd_ctrl.v(273): variable "da_local_cmd" is read inside the Always Construct but isn't in the Always Construct's Event Control
Warning (10235): Verilog HDL Always Construct warning at lcd_ctrl.v(284): variable "da_local_cmd" is read inside the Always Construct but isn't in the Always Construct's Event Control
Warning (10235): Verilog HDL Always Construct warning at lcd_ctrl.v(290): variable "i" is read inside the Always Construct but isn't in the Always Construct's Event Control
Warning (10235): Verilog HDL Always Construct warning at lcd_ctrl.v(292): variable "i" is read inside the Always Construct but isn't in the Always Construct's Event Control
Warning (10235): Verilog HDL Always Construct warning at lcd_ctrl.v(299): variable "i" is read inside the Always Construct but isn't in the Always Construct's Event Control
Warning (10270): Verilog HDL statement warning at lcd_ctrl.v(243): incomplete Case Statement has no default case item
Warning (10235): Verilog HDL Always Construct warning at lcd_ctrl.v(310): variable "status" is read inside the Always Construct but isn't in the Always Construct's Event Control
Warning (10235): Verilog HDL Always Construct warning at lcd_ctrl.v(312): variable "y_local" is read inside the Always Construct but isn't in the Always Construct's Event Control
Warning (10235): Verilog HDL Always Construct warning at lcd_ctrl.v(316): variable "da_local" is read inside the Always Construct but isn't in the Always Construct's Event Control
Warning (10235): Verilog HDL Always Construct warning at lcd_ctrl.v(321): variable "y_local" is read inside the Always Construct but isn't in the Always Construct's Event Control
Warning (10235): Verilog HDL Always Construct warning at lcd_ctrl.v(322): variable "da_local" is read inside the Always Construct but isn't in the Always Construct's Event Control
Warning (10235): Verilog HDL Always Construct warning at lcd_ctrl.v(330): variable "da_local_cmd" is read inside the Always Construct but isn't in the Always Construct's Event Control
Warning (10235): Verilog HDL Always Construct warning at lcd_ctrl.v(330): variable "i" is read inside the Always Construct but isn't in the Always Construct's Event Control
Warning (10235): Verilog HDL Always Construct warning at lcd_ctrl.v(332): variable "i" is read inside the Always Construct but isn't in the Always Construct's Event Control
Warning (10235): Verilog HDL Always Construct warning at lcd_ctrl.v(335): variable "da_local_cmd" is read inside the Always Construct but isn't in the Always Construct's Event Control
Warning (10235): Verilog HDL Always Construct warning at lcd_ctrl.v(340): variable "da_local_cmd" is read inside the Always Construct but isn't in the Always Construct's Event Control
Warning (10235): Verilog HDL Always Construct warning at lcd_ctrl.v(351): variable "da_local_cmd" is read inside the Always Construct but isn't in the Always Construct's Event Control
Warning (10235): Verilog HDL Always Construct warning at lcd_ctrl.v(357): variable "i" is read inside the Always Construct but isn't in the Always Construct's Event Control
Warning (10235): Verilog HDL Always Construct warning at lcd_ctrl.v(359): variable "i" is read inside the Always Construct but isn't in the Always Construct's Event Control
Warning (10235): Verilog HDL Always Construct warning at lcd_ctrl.v(367): variable "i" is read inside the Always Construct but isn't in the Always Construct's Event Control
Warning (10270): Verilog HDL statement warning at lcd_ctrl.v(310): incomplete Case Statement has no default case item
Warning (10235): Verilog HDL Always Construct warning at lcd_ctrl.v(379): variable "status" is read inside the Always Construct but isn't in the Always Construct's Event Control
Warning (10235): Verilog HDL Always Construct warning at lcd_ctrl.v(381): variable "y_local" is read inside the Always Construct but isn't in the Always Construct's Event Control
Warning (10235): Verilog HDL Always Construct warning at lcd_ctrl.v(385): variable "da_local" is read inside the Always Construct but isn't in the Always Construct's Event Control
Warning (10235): Verilog HDL Always Construct warning at lcd_ctrl.v(390): variable "y_local" is read inside the Always Construct but isn't in the Always Construct's Event Control
Warning (10235): Verilog HDL Always Construct warning at lcd_ctrl.v(391): variable "da_local" is read inside the Always Construct but isn't in the Always Construct's Event Control
Warning (10235): Verilog HDL Always Construct warning at lcd_ctrl.v(399): variable "da_local_cmd" is read inside the Always Construct but isn't in the Always Construct's Event Control
Warning (10235): Verilog HDL Always Construct warning at lcd_ctrl.v(399): variable "i" is read inside the Always Construct but isn't in the Always Construct's Event Control
Warning (10235): Verilog HDL Always Construct warning at lcd_ctrl.v(401): variable "i" is read inside the Always Construct but isn't in the Always Construct's Event Control
Warning (10235): Verilog HDL Always Construct warning at lcd_ctrl.v(404): variable "da_local_cmd" is read inside the Always Construct but isn't in the Always Construct's Event Control
Warning (10235): Verilog HDL Always Construct warning at lcd_ctrl.v(409): variable "da_local_cmd" is read inside the Always Construct but isn't in the Always Construct's Event Control
Warning (10235): Verilog HDL Always Construct warning at lcd_ctrl.v(420): variable "da_local_cmd" is read inside the Always Construct but isn't in the Always Construct's Event Control
Warning (10235): Verilog HDL Always Construct warning at lcd_ctrl.v(426): variable "i" is read inside the Always Construct but isn't in the Always Construct's Event Control
Warning (10235): Verilog HDL Always Construct warning at lcd_ctrl.v(428): variable "i" is read inside the Always Construct but isn't in the Always Construct's Event Control
Warning (10235): Verilog HDL Always Construct warning at lcd_ctrl.v(436): variable "i" is read inside the Always Construct but isn't in the Always Construct's Event Control
Warning (10270): Verilog HDL statement warning at lcd_ctrl.v(379): incomplete Case Statement has no default case item
Warning (10270): Verilog HDL statement warning at lcd_ctrl.v(87): incomplete Case Statement has no default case item
Warning (10240): Verilog HDL Always Construct warning at lcd_ctrl.v(22): variable "busy" may not be assigned a new value in every possible path through the Always Construct.  Variable "busy" holds its previous value in every path with no new value assignment, which may create a combinational loop in the current design.
Warning (10240): Verilog HDL Always Construct warning at lcd_ctrl.v(22): variable "x_local" may not be assigned a new value in every possible path through the Always Construct.  Variable "x_local" holds its previous value in every path with no new value assignment, which may create a combinational loop in the current design.
Warning (10240): Verilog HDL Always Construct warning at lcd_ctrl.v(22): variable "y_local" may not be assigned a new value in every possible path through the Always Construct.  Variable "y_local" holds its previous value in every path with no new value assignment, which may create a combinational loop in the current design.
Warning (10240): Verilog HDL Always Construct warning at lcd_ctrl.v(22): variable "da_local" may not be assigned a new value in every possible path through the Always Construct.  Variable "da_local" holds its previous value in every path with no new value assignment, which may create a combinational loop in the current design.
Warning (10240): Verilog HDL Always Construct warning at lcd_ctrl.v(22): variable "cmd_data" may not be assigned a new value in every possible path through the Always Construct.  Variable "cmd_data" holds its previous value in every path with no new value assignment, which may create a combinational loop in the current design.
Warning (10240): Verilog HDL Always Construct warning at lcd_ctrl.v(22): variable "i" may not be assigned a new value in every possible path through the Always Construct.  Variable "i" holds its previous value in every path with no new value assignment, which may create a combinational loop in the current design.
Warning (10240): Verilog HDL Always Construct warning at lcd_ctrl.v(22): variable "status" may not be assigned a new value in every possible path through the Always Construct.  Variable "status" holds its previous value in every path with no new value assignment, which may create a combinational loop in the current design.
Warning (10240): Verilog HDL Always Construct warning at lcd_ctrl.v(22): variable "da_cout" may not be assigned a new value in every possible path through the Always Construct.  Variable "da_cout" holds its previous value in every path with no new value assignment, which may create a combinational loop in the current design.
Warning (10240): Verilog HDL Always Construct warning at lcd_ctrl.v(22): variable "output_valid" may not be assigned a new value in every possible path through the Always Construct.  Variable "output_valid" holds its previous value in every path with no new value assignment, which may create a combinational loop in the current design.
Warning (10240): Verilog HDL Always Construct warning at lcd_ctrl.v(22): variable "dataout" may not be assigned a new value in every possible path through the Always Construct.  Variable "dataout" holds its previous value in every path with no new value assignment, which may create a combinational loop in the current design.
Warning (10240): Verilog HDL Always Construct warning at lcd_ctrl.v(22): variable "da_local_cmd" may not be assigned a new value in every possible path through the Always Construct.  Variable "da_local_cmd" holds its previous value in every path with no new value assignment, which may create a combinational loop in the current design.
Error: Can't elaborate user hierarchy ""
Error: Quartus II Analysis & Synthesis was unsuccessful. 2 errors, 104 warnings
    Error: Processing ended: Sun Mar 21 13:24:41 2010
    Error: Elapsed time: 00:00:01


